0 info it worked if it ends with ok
1 verbose cli [ '/usr/bin/nodejs', '/usr/bin/npm', 'i', 'express' ]
2 info using npm@3.5.2
3 info using node@v4.7.2
4 silly loadCurrentTree Starting
5 silly install loadCurrentTree
6 silly install readLocalPackageData
7 silly fetchPackageMetaData express
8 silly fetchNamedPackageData express
9 silly mapToRegistry name express
10 silly mapToRegistry using default registry
11 silly mapToRegistry registry https://registry.npmjs.org/
12 silly mapToRegistry uri https://registry.npmjs.org/express
13 verbose request uri https://registry.npmjs.org/express
14 verbose request no auth needed
15 info attempt registry request try #1 at 1:08:12 PM
16 verbose request id af092396e9bb09d3
17 verbose etag W/"596e6244-8d249"
18 verbose lastModified Tue, 18 Jul 2017 19:32:20 GMT
19 http request GET https://registry.npmjs.org/express
20 http 200 https://registry.npmjs.org/express
21 verbose headers { server: 'nginx/1.10.3',
21 verbose headers   'content-type': 'application/json',
21 verbose headers   'last-modified': 'Tue, 19 Sep 2017 19:05:02 GMT',
21 verbose headers   etag: 'W/"59c16a5e-8ee27"',
21 verbose headers   'content-encoding': 'gzip',
21 verbose headers   'cache-control': 'max-age=300',
21 verbose headers   'content-length': '45227',
21 verbose headers   'accept-ranges': 'bytes',
21 verbose headers   date: 'Fri, 22 Sep 2017 01:08:12 GMT',
21 verbose headers   via: '1.1 varnish',
21 verbose headers   age: '62',
21 verbose headers   connection: 'keep-alive',
21 verbose headers   'x-served-by': 'cache-akl1423-AKL',
21 verbose headers   'x-cache': 'HIT',
21 verbose headers   'x-cache-hits': '2',
21 verbose headers   'x-timer': 'S1506042492.327771,VS0,VE0',
21 verbose headers   vary: 'Accept-Encoding, Accept' }
22 silly get cb [ 200,
22 silly get   { server: 'nginx/1.10.3',
22 silly get     'content-type': 'application/json',
22 silly get     'last-modified': 'Tue, 19 Sep 2017 19:05:02 GMT',
22 silly get     etag: 'W/"59c16a5e-8ee27"',
22 silly get     'content-encoding': 'gzip',
22 silly get     'cache-control': 'max-age=300',
22 silly get     'content-length': '45227',
22 silly get     'accept-ranges': 'bytes',
22 silly get     date: 'Fri, 22 Sep 2017 01:08:12 GMT',
22 silly get     via: '1.1 varnish',
22 silly get     age: '62',
22 silly get     connection: 'keep-alive',
22 silly get     'x-served-by': 'cache-akl1423-AKL',
22 silly get     'x-cache': 'HIT',
22 silly get     'x-cache-hits': '2',
22 silly get     'x-timer': 'S1506042492.327771,VS0,VE0',
22 silly get     vary: 'Accept-Encoding, Accept' } ]
23 verbose get saving express to /home/pauline/.npm/registry.npmjs.org/express/.cache.json
24 silly install normalizeTree
25 silly loadCurrentTree Finishing
26 silly loadIdealTree Starting
27 silly install loadIdealTree
28 silly cloneCurrentTree Starting
29 silly install cloneCurrentTreeToIdealTree
30 silly cloneCurrentTree Finishing
31 silly loadShrinkwrap Starting
32 silly install loadShrinkwrap
33 silly loadShrinkwrap Finishing
34 silly loadAllDepsIntoIdealTree Starting
35 silly install loadAllDepsIntoIdealTree
36 silly rollbackFailedOptional Starting
37 silly rollbackFailedOptional Finishing
38 silly runTopLevelLifecycles Starting
39 silly runTopLevelLifecycles Finishing
40 silly install printInstalled
41 verbose stack Error: Refusing to install express as a dependency of itself
41 verbose stack     at checkSelf (/usr/share/npm/lib/install/validate-args.js:40:14)
41 verbose stack     at Array.<anonymous> (/usr/share/npm/node_modules/slide/lib/bind-actor.js:15:8)
41 verbose stack     at LOOP (/usr/share/npm/node_modules/slide/lib/chain.js:15:14)
41 verbose stack     at chain (/usr/share/npm/node_modules/slide/lib/chain.js:20:5)
41 verbose stack     at /usr/share/npm/lib/install/validate-args.js:15:5
41 verbose stack     at /usr/share/npm/node_modules/slide/lib/async-map.js:52:35
41 verbose stack     at Array.forEach (native)
41 verbose stack     at /usr/share/npm/node_modules/slide/lib/async-map.js:52:11
41 verbose stack     at Array.forEach (native)
41 verbose stack     at asyncMap (/usr/share/npm/node_modules/slide/lib/async-map.js:51:8)
42 verbose cwd /home/pauline/Desktop/Repos/express
43 error Linux 4.10.0-35-generic
44 error argv "/usr/bin/nodejs" "/usr/bin/npm" "i" "express"
45 error node v4.7.2
46 error npm  v3.5.2
47 error code ENOSELF
48 error Refusing to install express as a dependency of itself
49 error If you need help, you may report this error at:
49 error     <https://github.com/npm/npm/issues>
50 verbose exit [ 1, true ]
